2026-03-13 12:29:57,106 | INFO | Tokenization: max_source_length=1024, max_target_length=128
2026-03-13 12:29:57,107 | INFO | Loading JSONL from data/processed/qa_seq2seq_swa_hau_yor
2026-03-13 12:29:57,446 | INFO | Matched-volume mode enabled: upsampled QA train split from 470 to 9400 (factor=20); NER supervision is disabled.
2026-03-13 12:29:57,446 | INFO | Train: 9400, Validation: 222
2026-03-13 12:29:57,446 | INFO | Loading model and tokenizer: google/byt5-base
2026-03-13 12:30:05,184 | INFO | Adafactor + gradient checkpointing enabled for low-memory training
2026-03-13 12:30:05,184 | INFO | Training: learning_rate=0.0001, lr_scheduler_type=linear, optim=adafactor
2026-03-13 12:30:05,484 | INFO | max_grad_norm=1.0
2026-03-13 12:30:05,485 | INFO | Enabling early stopping with patience=3
2026-03-13 12:32:54,994 | INFO | Starting training...
2026-03-13 12:32:54,995 | INFO | Trainer args: learning_rate=1.00e-04, lr_scheduler_type=SchedulerType.LINEAR, optim=OptimizerNames.ADAFACTOR (constant scheduler => no decay)
2026-03-13 14:56:48,005 | INFO | Saved checkpoint to outputs/checkpoints/matchedqa_byt5
2026-03-13 14:56:48,009 | INFO | Loading and tokenizing from data/processed/qa_seq2seq_swa_hau_yor (max_source=1024, max_target=128)
2026-03-13 14:57:29,346 | INFO | [tokenize debug] decoded input: question: A wace shekara aka fara samun mace a matsayin kataimakiyar shugaban kasar amurka? context: Harris sought the 2...
2026-03-13 14:57:29,347 | INFO | [tokenize debug] decoded label (ignoring -100): 2021
2026-03-13 14:57:29,347 | INFO | [tokenize debug] labels: -100 count=123, total=128
2026-03-13 14:57:29,347 | INFO | Generating predictions on 848 examples
2026-03-13 14:57:34,987 | INFO | [example 1] input: question: Musikari Nazi Kombo anahudumu kama mbunge wa kuteuliwa katika eneo gani? context: He was f...
2026-03-13 14:57:34,987 | INFO | [example 1] target (gold): Webuye
2026-03-13 14:57:34,987 | INFO | [example 1] prediction: Webuye
2026-03-13 14:57:41,510 | INFO | [example 2] input: question: Chama cha FORD-Kenya kilianzishwa na nani? context: An umbrella political grouping, the Fo...
2026-03-13 14:57:41,510 | INFO | [example 2] target (gold): Oginga Odinga
2026-03-13 14:57:41,511 | INFO | [example 2] prediction: Oginga Odinga
2026-03-13 14:57:49,489 | INFO | [example 3] input: question: Je,papa wa roma wa kwanza aliitwa nani? context: This chronological list of popes correspo...
2026-03-13 14:57:49,489 | INFO | [example 3] target (gold): Mt Petro
2026-03-13 14:57:49,489 | INFO | [example 3] prediction: Annuario Pontifi
2026-03-13 15:00:28,368 | INFO | Saved 848 predictions to outputs/predictions/matchedqa_byt5_test.jsonl
2026-03-13 15:00:28,368 | INFO | Done.
