2026-07-21 15:06:39,362 | INFO | Tokenization: max_source_length=1024, max_target_length=128
2026-07-21 15:06:39,363 | INFO | Loading JSONL from data/processed/qa_seq2seq_swa_hau_yor
2026-07-21 15:06:40,107 | INFO | Train: 470, Validation: 222
2026-07-21 15:06:40,108 | INFO | Loading model and tokenizer: google/byt5-base
2026-07-21 15:06:53,612 | INFO | Adafactor + gradient checkpointing enabled for low-memory training
2026-07-21 15:06:53,612 | INFO | Training: learning_rate=0.0001, lr_scheduler_type=linear, optim=adafactor
2026-07-21 15:06:53,901 | INFO | --- Hardware & Diagnostics ---
2026-07-21 15:06:53,902 | INFO | GPU: NVIDIA A100-SXM4-80GB | VRAM: 79.3 GB
2026-07-21 15:06:53,903 | INFO | PyTorch CUDA: 12.8
2026-07-21 15:06:53,903 | INFO | Precision: fp16=False, bf16=True
2026-07-21 15:06:53,903 | INFO | Batch sizing: physical=32, grad_accum=2, effective=64
2026-07-21 15:06:53,903 | INFO | max_grad_norm=1.0
2026-07-21 15:06:53,903 | INFO | ------------------------------
2026-07-21 15:06:53,903 | INFO | Enabling early stopping with patience=3
2026-07-21 15:06:55,122 | INFO | Starting training...
2026-07-21 15:06:55,122 | INFO | Trainer args: learning_rate=1.00e-04, lr_scheduler_type=SchedulerType.LINEAR, optim=OptimizerNames.ADAFACTOR (constant scheduler => no decay)
2026-07-21 15:06:55,124 | INFO | No valid checkpoints found in /content/drive/MyDrive/afriqa_outputs_journal/checkpoints/baseline_byt5_v2. Starting fresh.
2026-07-21 15:20:18,531 | INFO | Saved checkpoint to outputs/checkpoints/baseline_byt5_v2
2026-07-21 15:20:18,535 | INFO | Loading and tokenizing from data/processed/qa_seq2seq_swa_hau_yor (max_source=1024, max_target=128)
2026-07-21 15:20:20,481 | INFO | [tokenize debug] decoded input: question: A wace shekara aka fara samun mace a matsayin kataimakiyar shugaban kasar amurka? context: Harris sought the 2...
2026-07-21 15:20:20,482 | INFO | [tokenize debug] decoded label (ignoring -100): 2021
2026-07-21 15:20:20,482 | INFO | [tokenize debug] labels: -100 count=123, total=128
2026-07-21 15:20:20,482 | INFO | Generating predictions on 848 examples
2026-07-21 15:20:21,345 | INFO | [example 1] input: question: Musikari Nazi Kombo anahudumu kama mbunge wa kuteuliwa katika eneo gani? context: He was f...
2026-07-21 15:20:21,346 | INFO | [example 1] target (gold): Webuye
2026-07-21 15:20:21,346 | INFO | [example 1] prediction: usikari Nazi Ko
2026-07-21 15:20:21,347 | INFO | [example 2] input: question: Chama cha FORD-Kenya kilianzishwa na nani? context: An umbrella political grouping, the Fo...
2026-07-21 15:20:21,347 | INFO | [example 2] target (gold): Oginga Odinga
2026-07-21 15:20:21,347 | INFO | [example 2] prediction: ugust 1991
2026-07-21 15:20:21,348 | INFO | [example 3] input: question: Je,papa wa roma wa kwanza aliitwa nani? context: This chronological list of popes correspo...
2026-07-21 15:20:21,348 | INFO | [example 3] target (gold): Mt Petro
2026-07-21 15:20:21,348 | INFO | [example 3] prediction: umu wa kwanza
2026-07-21 15:21:10,293 | INFO | Saved 848 predictions to outputs/predictions/baseline_byt5_test_v2.jsonl
2026-07-21 15:21:10,294 | INFO | Done.
